/home/dell/demo_zgs/test浠/MSHGCL - 讳唬/train.py
Start! Time: 2024-11-23 14:59:42.769093
/home/dell/demo_zgs/test浠/MSHGCL - 讳唬/train.py
Start! Time: 2024-11-23 15:00:35.327597
epoch-0, train_loss-0.5797, train_acc-0.7050, val_loss-0.4804, val_acc-0.7875,val_auroc-0.8651, val_f1_score-0.7915, val_prec-0.7770, val_rec-0.8065, val_ap-0.8479,val_aupr-0.8479, test_loss-0.4844, test_acc-0.7841, test_auroc-0.8624, test_f1_score-0.7884, test_prec-0.7732, test_rec-0.8041, test_ap-0.8437,test_aupr-0.8437
/home/dell/demo_zgs/test浠/MSHGCL - 讳唬/test1.py
/home/dell/demo_zgs/test浠/MSHGCL - 讳唬/test1.py
/home/dell/demo_zgs/test浠/MSHGCL - 讳唬/test1.py
/home/dell/demo_zgs/test浠/MSHGCL - 讳唬/test1.py
/home/dell/demo_zgs/test浠/MSHGCL - 讳唬/test1.py
/home/dell/demo_zgs/test浠/MSHGCL - 讳唬/test1.py
/home/dell/demo_zgs/test浠/MSHGCL - 讳唬/test1.py
/home/dell/demo_zgs/test浠/MSHGCL - 讳唬/test1.py
/home/dell/demo_zgs/test浠/MSHGCL - 讳唬/test1.py
/home/dell/demo_zgs/test浠/MSHGCL - 讳唬/test1.py
/home/dell/demo_zgs/test浠/MSHGCL - 讳唬/test1.py
/home/dell/demo_zgs/test浠/MSHGCL - 讳唬/test1.py
/home/dell/demo_zgs/test浠/MSHGCL - 讳唬/test1.py
/home/dell/demo_zgs/test浠/MSHGCL - 讳唬/test1.py
/home/dell/demo_zgs/test浠/MSHGCL - 讳唬/test1.py
/home/dell/demo_zgs/test浠/MSHGCL - 讳唬/test1.py
/home/dell/demo_zgs/test浠/MSHGCL - 讳唬/test1.py
/home/dell/demo_zgs/test浠/MSHGCL - 讳唬/test1.py
/home/dell/demo_zgs/test浠/MSHGCL - 讳唬/test1.py
/home/dell/demo_zgs/test浠/MSHGCL - 讳唬/test1.py
D:\备份\0\MSHGCL - 去代码后\test1.py
D:\备份\0\MSHGCL - 去代码后\test1.py
D:\备份\0\MSHGCL - 去代码后\test1.py
D:\备份\0\MSHGCL - 去代码后\test1.py
D:\备份\0\MSHGCL - 去代码后\test1.py
D:\备份\0\MSHGCL - 去代码后\test1.py
D:\备份\0\MSHGCL - 去代码后\test1.py
D:\备份\0\MSHGCL - 去代码后\test1.py
D:\备份\0\MSHGCL - 去代码后\test1.py
D:\备份\0\MSHGCL - 去代码后\test1.py
D:\备份\0\MSHGCL - 去代码后\test1.py
D:\备份\0\MSHGCL - 去代码后\test1.py
D:\备份\0\MSHGCL - 去代码后\test1.py
D:\备份\0\MSHGCL - 去代码后\test1.py
D:\备份\0\MSHGCL - 去代码后\test1.py
D:\备份\0\MSHGCL - 去代码后\test1.py
D:\备份\0\MSHGCL - 去代码后\test1.py
D:\备份\0\MSHGCL - 去代码后\test1.py
D:\备份\0\MSHGCL - 去代码后\test1.py
D:\备份\0\MSHGCL - 去代码后\test1.py
D:\备份\0\MSHGCL - 去代码后\main_test.py
D:\备份\0\MSHGCL - 去代码后\main_test.py
D:\备份\0\MSHGCL - 去代码后\main_test.py
D:\备份\0\MSHGCL - 去代码后\main_test.py
D:\备份\0\MSHGCL - 去代码后\main_test.py
D:\备份\0\MSHGCL - 去代码后\main_test.py
D:\备份\0\MSHGCL - 去代码后\main_test.py
D:\备份\0\MSHGCL - 去代码后\main_test.py
D:\备份\0\MSHGCL - 去代码后\main_test.py
D:\备份\0\MSHGCL - 去代码后\main_test.py
D:\备份\0\MSHGCL - 去代码后\main_test.py
